{"C:\\node-server\\server-ts\\src\\index.ts": {"path":"C:\\node-server\\server-ts\\src\\index.ts","statementMap":{"0":{"start":{"line":1,"column":0},"end":{"line":1,"column":30}},"1":{"start":{"line":2,"column":0},"end":{"line":2,"column":27}},"2":{"start":{"line":3,"column":0},"end":{"line":3,"column":40}},"3":{"start":{"line":4,"column":0},"end":{"line":4,"column":23}},"4":{"start":{"line":5,"column":0},"end":{"line":5,"column":36}},"5":{"start":{"line":7,"column":12},"end":{"line":7,"column":21}},"6":{"start":{"line":8,"column":13},"end":{"line":8,"column":31}},"7":{"start":{"line":10,"column":0},"end":{"line":10,"column":null}},"8":{"start":{"line":11,"column":0},"end":{"line":11,"column":22}},"9":{"start":{"line":12,"column":0},"end":{"line":12,"column":41}},"10":{"start":{"line":13,"column":0},"end":{"line":13,"column":49}},"11":{"start":{"line":14,"column":0},"end":{"line":14,"column":null}},"12":{"start":{"line":15,"column":0},"end":{"line":15,"column":null}},"13":{"start":{"line":17,"column":0},"end":{"line":19,"column":3}},"14":{"start":{"line":18,"column":2},"end":{"line":18,"column":55}},"15":{"start":{"line":22,"column":0},"end":{"line":22,"column":null}}},"fnMap":{"0":{"name":"(anonymous_1)","decl":{"start":{"line":17,"column":17},"end":{"line":17,"column":18}},"loc":{"start":{"line":17,"column":30},"end":{"line":19,"column":1}}}},"branchMap":{},"s":{"0":1,"1":1,"2":1,"3":1,"4":1,"5":1,"6":1,"7":1,"8":1,"9":1,"10":1,"11":1,"12":1,"13":1,"14":1,"15":1},"f":{"0":1},"b":{}}
,"C:\\node-server\\server-ts\\src\\models\\schema.ts": {"path":"C:\\node-server\\server-ts\\src\\models\\schema.ts","statementMap":{"0":{"start":{"line":1,"column":0},"end":{"line":1,"column":28}},"1":{"start":{"line":2,"column":0},"end":{"line":2,"column":27}},"2":{"start":{"line":5,"column":15},"end":{"line":5,"column":27}},"3":{"start":{"line":6,"column":25},"end":{"line":6,"column":46}},"4":{"start":{"line":7,"column":19},"end":{"line":7,"column":54}},"5":{"start":{"line":8,"column":13},"end":{"line":12,"column":2}},"6":{"start":{"line":14,"column":11},"end":{"line":16,"column":2}},"7":{"start":{"line":15,"column":4},"end":{"line":15,"column":null}},"8":{"start":{"line":18,"column":0},"end":{"line":18,"column":null}}},"fnMap":{"0":{"name":"(anonymous_1)","decl":{"start":{"line":14,"column":37},"end":{"line":14,"column":38}},"loc":{"start":{"line":14,"column":62},"end":{"line":16,"column":1}}}},"branchMap":{},"s":{"0":1,"1":1,"2":1,"3":1,"4":1,"5":1,"6":1,"7":1,"8":1},"f":{"0":1},"b":{}}
,"C:\\node-server\\server-ts\\src\\routes\\app.routes.ts": {"path":"C:\\node-server\\server-ts\\src\\routes\\app.routes.ts","statementMap":{"0":{"start":{"line":1,"column":0},"end":{"line":1,"column":32}},"1":{"start":{"line":2,"column":0},"end":{"line":2,"column":35}},"2":{"start":{"line":5,"column":15},"end":{"line":5,"column":23}},"3":{"start":{"line":7,"column":0},"end":{"line":11,"column":null}},"4":{"start":{"line":7,"column":54},"end":{"line":11,"column":2}},"5":{"start":{"line":8,"column":4},"end":{"line":10,"column":null}},"6":{"start":{"line":9,"column":8},"end":{"line":9,"column":null}},"7":{"start":{"line":13,"column":0},"end":{"line":31,"column":null}},"8":{"start":{"line":13,"column":53},"end":{"line":31,"column":2}},"9":{"start":{"line":14,"column":4},"end":{"line":14,"column":null}},"10":{"start":{"line":14,"column":37},"end":{"line":14,"column":null}},"11":{"start":{"line":15,"column":4},"end":{"line":15,"column":75}},"12":{"start":{"line":16,"column":4},"end":{"line":30,"column":null}},"13":{"start":{"line":17,"column":8},"end":{"line":17,"column":37}},"14":{"start":{"line":18,"column":21},"end":{"line":18,"column":120}},"15":{"start":{"line":20,"column":8},"end":{"line":29,"column":null}},"16":{"start":{"line":22,"column":12},"end":{"line":28,"column":null}},"17":{"start":{"line":23,"column":16},"end":{"line":25,"column":null}},"18":{"start":{"line":24,"column":20},"end":{"line":24,"column":null}},"19":{"start":{"line":27,"column":16},"end":{"line":27,"column":null}},"20":{"start":{"line":33,"column":0},"end":{"line":40,"column":null}},"21":{"start":{"line":33,"column":47},"end":{"line":40,"column":2}},"22":{"start":{"line":34,"column":23},"end":{"line":34,"column":38}},"23":{"start":{"line":35,"column":4},"end":{"line":35,"column":null}},"24":{"start":{"line":36,"column":4},"end":{"line":39,"column":null}},"25":{"start":{"line":38,"column":8},"end":{"line":38,"column":null}},"26":{"start":{"line":43,"column":0},"end":{"line":50,"column":null}},"27":{"start":{"line":43,"column":53},"end":{"line":50,"column":2}},"28":{"start":{"line":44,"column":23},"end":{"line":44,"column":38}},"29":{"start":{"line":45,"column":4},"end":{"line":45,"column":null}},"30":{"start":{"line":46,"column":4},"end":{"line":49,"column":null}},"31":{"start":{"line":48,"column":8},"end":{"line":48,"column":null}},"32":{"start":{"line":52,"column":0},"end":{"line":63,"column":null}},"33":{"start":{"line":52,"column":53},"end":{"line":63,"column":2}},"34":{"start":{"line":53,"column":4},"end":{"line":53,"column":null}},"35":{"start":{"line":53,"column":36},"end":{"line":53,"column":null}},"36":{"start":{"line":54,"column":20},"end":{"line":54,"column":38}},"37":{"start":{"line":55,"column":17},"end":{"line":55,"column":30}},"38":{"start":{"line":56,"column":21},"end":{"line":56,"column":38}},"39":{"start":{"line":57,"column":4},"end":{"line":57,"column":null}},"40":{"start":{"line":58,"column":18},"end":{"line":58,"column":42}},"41":{"start":{"line":59,"column":4},"end":{"line":62,"column":null}},"42":{"start":{"line":61,"column":8},"end":{"line":61,"column":null}},"43":{"start":{"line":68,"column":0},"end":{"line":68,"column":null}}},"fnMap":{"0":{"name":"(anonymous_8)","decl":{"start":{"line":7,"column":25},"end":{"line":7,"column":32}},"loc":{"start":{"line":7,"column":54},"end":{"line":11,"column":2}}},"1":{"name":"(anonymous_9)","decl":{"start":{"line":7,"column":54},"end":{"line":7,"column":null}},"loc":{"start":{"line":7,"column":54},"end":{"line":11,"column":1}}},"2":{"name":"(anonymous_10)","decl":{"start":{"line":8,"column":18},"end":{"line":8,"column":19}},"loc":{"start":{"line":8,"column":47},"end":{"line":10,"column":5}}},"3":{"name":"(anonymous_11)","decl":{"start":{"line":13,"column":24},"end":{"line":13,"column":31}},"loc":{"start":{"line":13,"column":53},"end":{"line":31,"column":2}}},"4":{"name":"(anonymous_12)","decl":{"start":{"line":13,"column":53},"end":{"line":13,"column":null}},"loc":{"start":{"line":13,"column":53},"end":{"line":31,"column":1}}},"5":{"name":"(anonymous_13)","decl":{"start":{"line":16,"column":27},"end":{"line":16,"column":28}},"loc":{"start":{"line":16,"column":52},"end":{"line":30,"column":5}}},"6":{"name":"(anonymous_14)","decl":{"start":{"line":20,"column":39},"end":{"line":20,"column":40}},"loc":{"start":{"line":20,"column":74},"end":{"line":29,"column":9}}},"7":{"name":"(anonymous_15)","decl":{"start":{"line":23,"column":33},"end":{"line":23,"column":34}},"loc":{"start":{"line":23,"column":59},"end":{"line":25,"column":17}}},"8":{"name":"(anonymous_16)","decl":{"start":{"line":33,"column":29},"end":{"line":33,"column":36}},"loc":{"start":{"line":33,"column":47},"end":{"line":40,"column":2}}},"9":{"name":"(anonymous_17)","decl":{"start":{"line":33,"column":47},"end":{"line":33,"column":null}},"loc":{"start":{"line":33,"column":47},"end":{"line":40,"column":1}}},"10":{"name":"(anonymous_18)","decl":{"start":{"line":36,"column":36},"end":{"line":36,"column":37}},"loc":{"start":{"line":36,"column":62},"end":{"line":39,"column":5}}},"11":{"name":"(anonymous_19)","decl":{"start":{"line":43,"column":35},"end":{"line":43,"column":42}},"loc":{"start":{"line":43,"column":53},"end":{"line":50,"column":2}}},"12":{"name":"(anonymous_20)","decl":{"start":{"line":43,"column":53},"end":{"line":43,"column":null}},"loc":{"start":{"line":43,"column":53},"end":{"line":50,"column":1}}},"13":{"name":"(anonymous_21)","decl":{"start":{"line":46,"column":39},"end":{"line":46,"column":40}},"loc":{"start":{"line":46,"column":52},"end":{"line":49,"column":5}}},"14":{"name":"(anonymous_22)","decl":{"start":{"line":52,"column":35},"end":{"line":52,"column":42}},"loc":{"start":{"line":52,"column":53},"end":{"line":63,"column":2}}},"15":{"name":"(anonymous_23)","decl":{"start":{"line":52,"column":53},"end":{"line":52,"column":null}},"loc":{"start":{"line":52,"column":53},"end":{"line":63,"column":1}}},"16":{"name":"(anonymous_24)","decl":{"start":{"line":59,"column":42},"end":{"line":59,"column":43}},"loc":{"start":{"line":59,"column":55},"end":{"line":62,"column":5}}}},"branchMap":{"0":{"loc":{"start":{"line":14,"column":4},"end":{"line":14,"column":null}},"type":"if","locations":[{"start":{"line":14,"column":4},"end":{"line":14,"column":null}},{"start":{"line":14,"column":4},"end":{"line":14,"column":null}}]},"1":{"loc":{"start":{"line":18,"column":97},"end":{"line":18,"column":99}},"type":"cond-expr","locations":[{"start":{"line":18,"column":97},"end":{"line":18,"column":99}},{"start":{"line":18,"column":102},"end":{"line":18,"column":119}}]},"2":{"loc":{"start":{"line":22,"column":12},"end":{"line":28,"column":null}},"type":"if","locations":[{"start":{"line":22,"column":12},"end":{"line":28,"column":null}},{"start":{"line":22,"column":12},"end":{"line":28,"column":null}}]},"3":{"loc":{"start":{"line":53,"column":4},"end":{"line":53,"column":null}},"type":"if","locations":[{"start":{"line":53,"column":4},"end":{"line":53,"column":null}},{"start":{"line":53,"column":4},"end":{"line":53,"column":null}}]}},"s":{"0":1,"1":1,"2":1,"3":1,"4":1,"5":1,"6":1,"7":1,"8":4,"9":4,"10":1,"11":3,"12":3,"13":3,"14":3,"15":3,"16":3,"17":2,"18":2,"19":1,"20":1,"21":1,"22":1,"23":1,"24":1,"25":1,"26":1,"27":2,"28":2,"29":2,"30":2,"31":2,"32":1,"33":2,"34":2,"35":1,"36":1,"37":1,"38":1,"39":1,"40":1,"41":1,"42":1,"43":1},"f":{"0":1,"1":1,"2":1,"3":4,"4":4,"5":3,"6":3,"7":2,"8":1,"9":1,"10":1,"11":2,"12":2,"13":2,"14":2,"15":2,"16":1},"b":{"0":[1,3],"1":[1,2],"2":[2,1],"3":[1,1]}}
}
