{"C:\\node-server\\server-ts\\src\\app.ts": {"path":"C:\\node-server\\server-ts\\src\\app.ts","statementMap":{"0":{"start":{"line":1,"column":0},"end":{"line":1,"column":30}},"1":{"start":{"line":2,"column":0},"end":{"line":2,"column":28}},"2":{"start":{"line":3,"column":0},"end":{"line":3,"column":24}},"3":{"start":{"line":4,"column":0},"end":{"line":4,"column":37}},"4":{"start":{"line":13,"column":4},"end":{"line":13,"column":25}},"5":{"start":{"line":14,"column":4},"end":{"line":14,"column":35}},"6":{"start":{"line":15,"column":4},"end":{"line":15,"column":25}},"7":{"start":{"line":16,"column":4},"end":{"line":16,"column":58}},"8":{"start":{"line":20,"column":4},"end":{"line":20,"column":25}},"9":{"start":{"line":21,"column":4},"end":{"line":21,"column":31}},"10":{"start":{"line":22,"column":4},"end":{"line":22,"column":50}},"11":{"start":{"line":23,"column":4},"end":{"line":23,"column":58}},"12":{"start":{"line":24,"column":4},"end":{"line":24,"column":36}},"13":{"start":{"line":28,"column":6},"end":{"line":28,"column":46}},"14":{"start":{"line":29,"column":6},"end":{"line":29,"column":54}},"15":{"start":{"line":33,"column":4},"end":{"line":33,"column":20}},"16":{"start":{"line":37,"column":4},"end":{"line":39,"column":7}},"17":{"start":{"line":38,"column":8},"end":{"line":38,"column":62}},"18":{"start":{"line":43,"column":0},"end":{"line":43,"column":19}}},"fnMap":{"0":{"name":"(anonymous_1)","decl":{"start":{"line":12,"column":2},"end":{"line":12,"column":15}},"loc":{"start":{"line":12,"column":79},"end":{"line":17,"column":3}}},"1":{"name":"(anonymous_2)","decl":{"start":{"line":19,"column":10},"end":{"line":19,"column":23}},"loc":{"start":{"line":19,"column":23},"end":{"line":25,"column":3}}},"2":{"name":"(anonymous_3)","decl":{"start":{"line":27,"column":10},"end":{"line":27,"column":25}},"loc":{"start":{"line":27,"column":91},"end":{"line":30,"column":3}}},"3":{"name":"(anonymous_4)","decl":{"start":{"line":32,"column":9},"end":{"line":32,"column":18}},"loc":{"start":{"line":32,"column":18},"end":{"line":34,"column":3}}},"4":{"name":"(anonymous_5)","decl":{"start":{"line":36,"column":9},"end":{"line":36,"column":15}},"loc":{"start":{"line":36,"column":15},"end":{"line":40,"column":3}}},"5":{"name":"(anonymous_6)","decl":{"start":{"line":37,"column":31},"end":{"line":37,"column":34}},"loc":{"start":{"line":37,"column":36},"end":{"line":39,"column":5}}}},"branchMap":{},"s":{"0":1,"1":1,"2":1,"3":1,"4":1,"5":1,"6":1,"7":1,"8":1,"9":1,"10":1,"11":1,"12":1,"13":1,"14":1,"15":15,"16":1,"17":1,"18":1},"f":{"0":1,"1":1,"2":1,"3":15,"4":1,"5":1},"b":{}}
,"C:\\node-server\\server-ts\\src\\models\\schema.ts": {"path":"C:\\node-server\\server-ts\\src\\models\\schema.ts","statementMap":{"0":{"start":{"line":1,"column":0},"end":{"line":1,"column":29}},"1":{"start":{"line":2,"column":0},"end":{"line":2,"column":28}},"2":{"start":{"line":4,"column":17},"end":{"line":4,"column":37}},"3":{"start":{"line":5,"column":15},"end":{"line":5,"column":27}},"4":{"start":{"line":6,"column":27},"end":{"line":6,"column":48}},"5":{"start":{"line":7,"column":19},"end":{"line":7,"column":54}},"6":{"start":{"line":8,"column":13},"end":{"line":13,"column":2}},"7":{"start":{"line":15,"column":17},"end":{"line":17,"column":2}},"8":{"start":{"line":19,"column":15},"end":{"line":21,"column":2}},"9":{"start":{"line":23,"column":11},"end":{"line":25,"column":2}},"10":{"start":{"line":24,"column":4},"end":{"line":24,"column":42}},"11":{"start":{"line":27,"column":13},"end":{"line":27,"column":75}},"12":{"start":{"line":29,"column":13},"end":{"line":29,"column":63}},"13":{"start":{"line":31,"column":13},"end":{"line":31,"column":67}}},"fnMap":{"0":{"name":"(anonymous_1)","decl":{"start":{"line":23,"column":37},"end":{"line":23,"column":38}},"loc":{"start":{"line":23,"column":73},"end":{"line":25,"column":1}}}},"branchMap":{},"s":{"0":1,"1":1,"2":1,"3":1,"4":1,"5":1,"6":1,"7":1,"8":1,"9":1,"10":1,"11":1,"12":1,"13":1},"f":{"0":1},"b":{}}
,"C:\\node-server\\server-ts\\src\\routes\\app.routes.ts": {"path":"C:\\node-server\\server-ts\\src\\routes\\app.routes.ts","statementMap":{"0":{"start":{"line":1,"column":0},"end":{"line":1,"column":35}},"1":{"start":{"line":4,"column":0},"end":{"line":4,"column":73}},"2":{"start":{"line":10,"column":11},"end":{"line":10,"column":53}},"3":{"start":{"line":11,"column":12},"end":{"line":11,"column":38}},"4":{"start":{"line":25,"column":12},"end":{"line":40,"column":null}},"5":{"start":{"line":26,"column":12},"end":{"line":39,"column":15}},"6":{"start":{"line":27,"column":32},"end":{"line":27,"column":34}},"7":{"start":{"line":28,"column":16},"end":{"line":38,"column":null}},"8":{"start":{"line":29,"column":18},"end":{"line":37,"column":21}},"9":{"start":{"line":30,"column":20},"end":{"line":36,"column":23}},"10":{"start":{"line":31,"column":54},"end":{"line":31,"column":177}},"11":{"start":{"line":31,"column":165},"end":{"line":31,"column":174}},"12":{"start":{"line":32,"column":22},"end":{"line":32,"column":45}},"13":{"start":{"line":33,"column":22},"end":{"line":35,"column":null}},"14":{"start":{"line":34,"column":24},"end":{"line":34,"column":42}},"15":{"start":{"line":42,"column":12},"end":{"line":71,"column":null}},"16":{"start":{"line":43,"column":8},"end":{"line":43,"column":null}},"17":{"start":{"line":44,"column":8},"end":{"line":46,"column":null}},"18":{"start":{"line":45,"column":12},"end":{"line":45,"column":70}},"19":{"start":{"line":47,"column":36},"end":{"line":47,"column":44}},"20":{"start":{"line":48,"column":8},"end":{"line":50,"column":null}},"21":{"start":{"line":49,"column":12},"end":{"line":49,"column":31}},"22":{"start":{"line":51,"column":8},"end":{"line":51,"column":45}},"23":{"start":{"line":52,"column":8},"end":{"line":70,"column":11}},"24":{"start":{"line":53,"column":12},"end":{"line":53,"column":43}},"25":{"start":{"line":54,"column":12},"end":{"line":54,"column":28}},"26":{"start":{"line":56,"column":12},"end":{"line":69,"column":15}},"27":{"start":{"line":58,"column":16},"end":{"line":68,"column":null}},"28":{"start":{"line":59,"column":20},"end":{"line":65,"column":23}},"29":{"start":{"line":60,"column":22},"end":{"line":64,"column":20}},"30":{"start":{"line":61,"column":24},"end":{"line":63,"column":21}},"31":{"start":{"line":62,"column":26},"end":{"line":62,"column":60}},"32":{"start":{"line":67,"column":20},"end":{"line":67,"column":86}},"33":{"start":{"line":73,"column":12},"end":{"line":83,"column":null}},"34":{"start":{"line":74,"column":36},"end":{"line":74,"column":51}},"35":{"start":{"line":75,"column":8},"end":{"line":75,"column":46}},"36":{"start":{"line":76,"column":8},"end":{"line":82,"column":11}},"37":{"start":{"line":77,"column":12},"end":{"line":81,"column":15}},"38":{"start":{"line":78,"column":14},"end":{"line":80,"column":null}},"39":{"start":{"line":79,"column":4},"end":{"line":79,"column":137}},"40":{"start":{"line":79,"column":124},"end":{"line":79,"column":133}},"41":{"start":{"line":85,"column":12},"end":{"line":102,"column":null}},"42":{"start":{"line":86,"column":8},"end":{"line":88,"column":null}},"43":{"start":{"line":87,"column":12},"end":{"line":87,"column":70}},"44":{"start":{"line":89,"column":32},"end":{"line":89,"column":50}},"45":{"start":{"line":90,"column":36},"end":{"line":90,"column":44}},"46":{"start":{"line":91,"column":8},"end":{"line":91,"column":98}},"47":{"start":{"line":92,"column":8},"end":{"line":101,"column":11}},"48":{"start":{"line":93,"column":10},"end":{"line":100,"column":null}},"49":{"start":{"line":94,"column":17},"end":{"line":94,"column":74}},"50":{"start":{"line":95,"column":17},"end":{"line":95,"column":30}},"51":{"start":{"line":96,"column":3},"end":{"line":99,"column":8}},"52":{"start":{"line":98,"column":5},"end":{"line":98,"column":88}},"53":{"start":{"line":104,"column":12},"end":{"line":111,"column":null}},"54":{"start":{"line":105,"column":35},"end":{"line":105,"column":50}},"55":{"start":{"line":106,"column":8},"end":{"line":106,"column":52}},"56":{"start":{"line":107,"column":8},"end":{"line":110,"column":11}},"57":{"start":{"line":109,"column":12},"end":{"line":109,"column":66}},"58":{"start":{"line":14,"column":8},"end":{"line":14,"column":26}},"59":{"start":{"line":18,"column":8},"end":{"line":18,"column":57}},"60":{"start":{"line":19,"column":8},"end":{"line":19,"column":51}},"61":{"start":{"line":20,"column":8},"end":{"line":20,"column":56}},"62":{"start":{"line":21,"column":8},"end":{"line":21,"column":65}},"63":{"start":{"line":22,"column":8},"end":{"line":22,"column":65}},"64":{"start":{"line":114,"column":0},"end":{"line":114,"column":30}}},"fnMap":{"0":{"name":"(anonymous_1)","decl":{"start":{"line":13,"column":4},"end":{"line":13,"column":null}},"loc":{"start":{"line":13,"column":4},"end":{"line":15,"column":5}}},"1":{"name":"(anonymous_2)","decl":{"start":{"line":25,"column":27},"end":{"line":25,"column":28}},"loc":{"start":{"line":25,"column":75},"end":{"line":40,"column":9}}},"2":{"name":"(anonymous_3)","decl":{"start":{"line":26,"column":39},"end":{"line":26,"column":40}},"loc":{"start":{"line":26,"column":77},"end":{"line":39,"column":13}}},"3":{"name":"(anonymous_4)","decl":{"start":{"line":29,"column":62},"end":{"line":29,"column":63}},"loc":{"start":{"line":29,"column":110},"end":{"line":37,"column":19}}},"4":{"name":"(anonymous_5)","decl":{"start":{"line":30,"column":57},"end":{"line":30,"column":58}},"loc":{"start":{"line":30,"column":94},"end":{"line":36,"column":21}}},"5":{"name":"(anonymous_6)","decl":{"start":{"line":31,"column":140},"end":{"line":31,"column":141}},"loc":{"start":{"line":31,"column":165},"end":{"line":31,"column":174}}},"6":{"name":"(anonymous_7)","decl":{"start":{"line":42,"column":22},"end":{"line":42,"column":23}},"loc":{"start":{"line":42,"column":70},"end":{"line":71,"column":5}}},"7":{"name":"(anonymous_8)","decl":{"start":{"line":52,"column":38},"end":{"line":52,"column":39}},"loc":{"start":{"line":52,"column":64},"end":{"line":70,"column":9}}},"8":{"name":"(anonymous_9)","decl":{"start":{"line":56,"column":49},"end":{"line":56,"column":50}},"loc":{"start":{"line":56,"column":88},"end":{"line":69,"column":13}}},"9":{"name":"(anonymous_10)","decl":{"start":{"line":59,"column":69},"end":{"line":59,"column":70}},"loc":{"start":{"line":59,"column":115},"end":{"line":65,"column":21}}},"10":{"name":"(anonymous_11)","decl":{"start":{"line":60,"column":60},"end":{"line":60,"column":61}},"loc":{"start":{"line":60,"column":105},"end":{"line":64,"column":18}}},"11":{"name":"(anonymous_12)","decl":{"start":{"line":61,"column":114},"end":{"line":61,"column":115}},"loc":{"start":{"line":61,"column":151},"end":{"line":63,"column":19}}},"12":{"name":"(anonymous_13)","decl":{"start":{"line":73,"column":22},"end":{"line":73,"column":23}},"loc":{"start":{"line":73,"column":70},"end":{"line":83,"column":5}}},"13":{"name":"(anonymous_14)","decl":{"start":{"line":76,"column":47},"end":{"line":76,"column":48}},"loc":{"start":{"line":76,"column":81},"end":{"line":82,"column":9}}},"14":{"name":"(anonymous_15)","decl":{"start":{"line":77,"column":55},"end":{"line":77,"column":56}},"loc":{"start":{"line":77,"column":103},"end":{"line":81,"column":13}}},"15":{"name":"(anonymous_16)","decl":{"start":{"line":78,"column":50},"end":{"line":78,"column":51}},"loc":{"start":{"line":78,"column":94},"end":{"line":80,"column":6}}},"16":{"name":"(anonymous_17)","decl":{"start":{"line":79,"column":99},"end":{"line":79,"column":100}},"loc":{"start":{"line":79,"column":124},"end":{"line":79,"column":133}}},"17":{"name":"(anonymous_18)","decl":{"start":{"line":85,"column":25},"end":{"line":85,"column":26}},"loc":{"start":{"line":85,"column":73},"end":{"line":102,"column":5}}},"18":{"name":"(anonymous_19)","decl":{"start":{"line":92,"column":57},"end":{"line":92,"column":58}},"loc":{"start":{"line":92,"column":97},"end":{"line":101,"column":9}}},"19":{"name":"(anonymous_20)","decl":{"start":{"line":93,"column":49},"end":{"line":93,"column":50}},"loc":{"start":{"line":93,"column":94},"end":{"line":100,"column":5}}},"20":{"name":"(anonymous_21)","decl":{"start":{"line":96,"column":48},"end":{"line":96,"column":51}},"loc":{"start":{"line":96,"column":53},"end":{"line":99,"column":6}}},"21":{"name":"(anonymous_22)","decl":{"start":{"line":104,"column":25},"end":{"line":104,"column":26}},"loc":{"start":{"line":104,"column":73},"end":{"line":111,"column":5}}},"22":{"name":"(anonymous_23)","decl":{"start":{"line":107,"column":49},"end":{"line":107,"column":50}},"loc":{"start":{"line":107,"column":64},"end":{"line":110,"column":9}}},"23":{"name":"(anonymous_24)","decl":{"start":{"line":17,"column":11},"end":{"line":17,"column":21}},"loc":{"start":{"line":17,"column":21},"end":{"line":23,"column":5}}}},"branchMap":{"0":{"loc":{"start":{"line":33,"column":22},"end":{"line":35,"column":null}},"type":"if","locations":[{"start":{"line":33,"column":22},"end":{"line":35,"column":null}},{"start":{"line":33,"column":22},"end":{"line":35,"column":null}}]},"1":{"loc":{"start":{"line":44,"column":8},"end":{"line":46,"column":null}},"type":"if","locations":[{"start":{"line":44,"column":8},"end":{"line":46,"column":null}},{"start":{"line":44,"column":8},"end":{"line":46,"column":null}}]},"2":{"loc":{"start":{"line":48,"column":8},"end":{"line":50,"column":null}},"type":"if","locations":[{"start":{"line":48,"column":8},"end":{"line":50,"column":null}},{"start":{"line":48,"column":8},"end":{"line":50,"column":null}}]},"3":{"loc":{"start":{"line":58,"column":16},"end":{"line":68,"column":null}},"type":"if","locations":[{"start":{"line":58,"column":16},"end":{"line":68,"column":null}},{"start":{"line":58,"column":16},"end":{"line":68,"column":null}}]},"4":{"loc":{"start":{"line":86,"column":8},"end":{"line":88,"column":null}},"type":"if","locations":[{"start":{"line":86,"column":8},"end":{"line":88,"column":null}},{"start":{"line":86,"column":8},"end":{"line":88,"column":null}}]}},"s":{"0":1,"1":1,"2":1,"3":1,"4":1,"5":1,"6":1,"7":1,"8":8,"9":8,"10":8,"11":10,"12":8,"13":8,"14":1,"15":1,"16":4,"17":4,"18":1,"19":3,"20":3,"21":1,"22":3,"23":3,"24":3,"25":3,"26":3,"27":3,"28":2,"29":2,"30":2,"31":2,"32":1,"33":1,"34":1,"35":1,"36":1,"37":1,"38":1,"39":1,"40":2,"41":1,"42":2,"43":1,"44":1,"45":1,"46":1,"47":1,"48":1,"49":1,"50":1,"51":1,"52":1,"53":1,"54":2,"55":2,"56":2,"57":2,"58":1,"59":1,"60":1,"61":1,"62":1,"63":1,"64":1},"f":{"0":1,"1":1,"2":1,"3":8,"4":8,"5":10,"6":4,"7":3,"8":3,"9":2,"10":2,"11":2,"12":1,"13":1,"14":1,"15":1,"16":2,"17":2,"18":1,"19":1,"20":1,"21":2,"22":2,"23":1},"b":{"0":[1,7],"1":[1,3],"2":[1,2],"3":[2,1],"4":[1,1]}}
,"C:\\node-server\\server-ts\\src\\routes\\skill.routes.ts": {"path":"C:\\node-server\\server-ts\\src\\routes\\skill.routes.ts","statementMap":{"0":{"start":{"line":1,"column":0},"end":{"line":1,"column":35}},"1":{"start":{"line":4,"column":0},"end":{"line":4,"column":47}},"2":{"start":{"line":8,"column":11},"end":{"line":8,"column":53}},"3":{"start":{"line":22,"column":12},"end":{"line":26,"column":null}},"4":{"start":{"line":23,"column":6},"end":{"line":25,"column":9}},"5":{"start":{"line":24,"column":8},"end":{"line":24,"column":23}},"6":{"start":{"line":28,"column":12},"end":{"line":32,"column":null}},"7":{"start":{"line":29,"column":6},"end":{"line":31,"column":9}},"8":{"start":{"line":30,"column":8},"end":{"line":30,"column":23}},"9":{"start":{"line":34,"column":12},"end":{"line":38,"column":null}},"10":{"start":{"line":35,"column":6},"end":{"line":37,"column":9}},"11":{"start":{"line":36,"column":8},"end":{"line":36,"column":23}},"12":{"start":{"line":40,"column":12},"end":{"line":44,"column":null}},"13":{"start":{"line":41,"column":6},"end":{"line":43,"column":9}},"14":{"start":{"line":42,"column":8},"end":{"line":42,"column":54}},"15":{"start":{"line":46,"column":12},"end":{"line":51,"column":null}},"16":{"start":{"line":47,"column":20},"end":{"line":47,"column":28}},"17":{"start":{"line":48,"column":6},"end":{"line":50,"column":9}},"18":{"start":{"line":49,"column":8},"end":{"line":49,"column":57}},"19":{"start":{"line":11,"column":8},"end":{"line":11,"column":26}},"20":{"start":{"line":15,"column":8},"end":{"line":15,"column":57}},"21":{"start":{"line":16,"column":8},"end":{"line":16,"column":53}},"22":{"start":{"line":17,"column":8},"end":{"line":17,"column":58}},"23":{"start":{"line":18,"column":8},"end":{"line":18,"column":67}},"24":{"start":{"line":19,"column":8},"end":{"line":19,"column":67}},"25":{"start":{"line":54,"column":0},"end":{"line":54,"column":31}}},"fnMap":{"0":{"name":"(anonymous_1)","decl":{"start":{"line":10,"column":4},"end":{"line":10,"column":null}},"loc":{"start":{"line":10,"column":4},"end":{"line":12,"column":5}}},"1":{"name":"(anonymous_2)","decl":{"start":{"line":22,"column":27},"end":{"line":22,"column":28}},"loc":{"start":{"line":22,"column":75},"end":{"line":26,"column":5}}},"2":{"name":"(anonymous_3)","decl":{"start":{"line":23,"column":27},"end":{"line":23,"column":28}},"loc":{"start":{"line":23,"column":40},"end":{"line":25,"column":7}}},"3":{"name":"(anonymous_4)","decl":{"start":{"line":28,"column":23},"end":{"line":28,"column":24}},"loc":{"start":{"line":28,"column":71},"end":{"line":32,"column":5}}},"4":{"name":"(anonymous_5)","decl":{"start":{"line":29,"column":49},"end":{"line":29,"column":50}},"loc":{"start":{"line":29,"column":62},"end":{"line":31,"column":7}}},"5":{"name":"(anonymous_6)","decl":{"start":{"line":34,"column":23},"end":{"line":34,"column":24}},"loc":{"start":{"line":34,"column":71},"end":{"line":38,"column":5}}},"6":{"name":"(anonymous_7)","decl":{"start":{"line":35,"column":52},"end":{"line":35,"column":53}},"loc":{"start":{"line":35,"column":65},"end":{"line":37,"column":7}}},"7":{"name":"(anonymous_8)","decl":{"start":{"line":40,"column":26},"end":{"line":40,"column":27}},"loc":{"start":{"line":40,"column":74},"end":{"line":44,"column":5}}},"8":{"name":"(anonymous_9)","decl":{"start":{"line":41,"column":45},"end":{"line":41,"column":46}},"loc":{"start":{"line":41,"column":58},"end":{"line":43,"column":7}}},"9":{"name":"(anonymous_10)","decl":{"start":{"line":46,"column":26},"end":{"line":46,"column":27}},"loc":{"start":{"line":46,"column":74},"end":{"line":51,"column":5}}},"10":{"name":"(anonymous_11)","decl":{"start":{"line":48,"column":63},"end":{"line":48,"column":64}},"loc":{"start":{"line":48,"column":76},"end":{"line":50,"column":7}}},"11":{"name":"(anonymous_12)","decl":{"start":{"line":14,"column":11},"end":{"line":14,"column":21}},"loc":{"start":{"line":14,"column":21},"end":{"line":20,"column":5}}}},"branchMap":{},"s":{"0":1,"1":1,"2":1,"3":1,"4":1,"5":1,"6":1,"7":1,"8":1,"9":1,"10":1,"11":1,"12":1,"13":1,"14":1,"15":1,"16":1,"17":1,"18":1,"19":1,"20":1,"21":1,"22":1,"23":1,"24":1,"25":1},"f":{"0":1,"1":1,"2":1,"3":1,"4":1,"5":1,"6":1,"7":1,"8":1,"9":1,"10":1,"11":1},"b":{}}
}
