TN:
SF:src\app.ts
FN:15,(anonymous_1)
FN:22,(anonymous_2)
FN:31,(anonymous_3)
FN:39,(anonymous_4)
FN:43,(anonymous_5)
FN:44,(anonymous_6)
FNF:6
FNH:6
FNDA:1,(anonymous_1)
FNDA:1,(anonymous_2)
FNDA:1,(anonymous_3)
FNDA:21,(anonymous_4)
FNDA:1,(anonymous_5)
FNDA:1,(anonymous_6)
DA:1,1
DA:2,1
DA:3,1
DA:4,1
DA:16,1
DA:17,1
DA:18,1
DA:19,1
DA:23,1
DA:24,1
DA:25,1
DA:26,1
DA:27,1
DA:28,1
DA:32,1
DA:33,1
DA:34,1
DA:35,1
DA:36,1
DA:40,21
DA:44,1
DA:45,1
DA:50,1
LF:23
LH:23
BRF:0
BRH:0
end_of_record
TN:
SF:src\midleware\auth.midleware.ts
FN:4,(anonymous_1)
FNF:1
FNH:1
FNDA:14,(anonymous_1)
DA:1,1
DA:2,1
DA:4,1
DA:5,14
DA:6,14
DA:7,14
DA:8,0
DA:9,0
DA:11,14
DA:12,14
DA:13,14
DA:15,0
DA:16,0
LF:13
LH:9
BRDA:7,0,0,0
BRDA:7,0,1,14
BRF:2
BRH:1
end_of_record
TN:
SF:src\models\schema.ts
FN:33,(anonymous_1)
FNF:1
FNH:1
FNDA:1,(anonymous_1)
DA:1,1
DA:2,1
DA:4,1
DA:5,1
DA:6,1
DA:7,1
DA:8,1
DA:15,1
DA:19,1
DA:24,1
DA:33,1
DA:34,1
DA:37,1
DA:39,1
DA:41,1
DA:43,1
LF:16
LH:16
BRF:0
BRH:0
end_of_record
TN:
SF:src\routes\api.routes.tsx
FN:15,(anonymous_2)
FN:21,(anonymous_3)
FN:22,(anonymous_4)
FN:25,(anonymous_5)
FN:45,(anonymous_6)
FNF:5
FNH:5
FNDA:1,(anonymous_2)
FNDA:1,(anonymous_3)
FNDA:1,(anonymous_4)
FNDA:1,(anonymous_5)
FNDA:1,(anonymous_6)
DA:1,1
DA:2,1
DA:3,1
DA:5,1
DA:6,1
DA:7,1
DA:8,1
DA:12,1
DA:16,1
DA:17,1
DA:22,1
DA:23,1
DA:25,1
DA:26,1
DA:35,1
DA:40,1
DA:46,1
DA:67,1
LF:18
LH:18
BRF:0
BRH:0
end_of_record
TN:
SF:src\routes\app.routes.ts
FN:15,(anonymous_9)
FN:44,(anonymous_10)
FN:45,(anonymous_11)
FN:50,(anonymous_12)
FN:60,(anonymous_13)
FN:64,(anonymous_14)
FN:67,(anonymous_15)
FN:72,(anonymous_16)
FN:74,(anonymous_17)
FN:87,(anonymous_18)
FN:90,(anonymous_19)
FN:91,(anonymous_20)
FN:92,(anonymous_21)
FN:99,(anonymous_22)
FN:106,(anonymous_23)
FN:107,(anonymous_24)
FN:108,(anonymous_25)
FN:109,(anonymous_26)
FN:112,(anonymous_27)
FN:122,(anonymous_28)
FN:125,(anonymous_29)
FN:128,(anonymous_30)
FN:129,(anonymous_31)
FN:19,(anonymous_32)
FN:28,(anonymous_33)
FN:29,(anonymous_35)
FN:32,(anonymous_36)
FN:33,(anonymous_37)
FNF:28
FNH:28
FNDA:2,(anonymous_9)
FNDA:1,(anonymous_10)
FNDA:1,(anonymous_11)
FNDA:4,(anonymous_12)
FNDA:3,(anonymous_13)
FNDA:3,(anonymous_14)
FNDA:2,(anonymous_15)
FNDA:2,(anonymous_16)
FNDA:2,(anonymous_17)
FNDA:1,(anonymous_18)
FNDA:1,(anonymous_19)
FNDA:1,(anonymous_20)
FNDA:1,(anonymous_21)
FNDA:2,(anonymous_22)
FNDA:1,(anonymous_23)
FNDA:1,(anonymous_24)
FNDA:1,(anonymous_25)
FNDA:1,(anonymous_26)
FNDA:1,(anonymous_27)
FNDA:2,(anonymous_28)
FNDA:2,(anonymous_29)
FNDA:2,(anonymous_30)
FNDA:2,(anonymous_31)
FNDA:2,(anonymous_32)
FNDA:2,(anonymous_33)
FNDA:2,(anonymous_35)
FNDA:12,(anonymous_36)
FNDA:12,(anonymous_37)
DA:1,1
DA:2,1
DA:4,1
DA:9,1
DA:12,2
DA:13,2
DA:16,2
DA:20,2
DA:21,2
DA:22,2
DA:23,2
DA:24,2
DA:29,2
DA:30,2
DA:31,2
DA:32,12
DA:33,12
DA:34,12
DA:35,12
DA:36,12
DA:37,2
DA:44,2
DA:45,1
DA:46,1
DA:50,2
DA:51,4
DA:52,4
DA:53,1
DA:55,3
DA:56,3
DA:57,1
DA:59,3
DA:60,3
DA:61,3
DA:62,3
DA:64,3
DA:66,3
DA:67,2
DA:68,2
DA:69,2
DA:70,2
DA:71,2
DA:72,2
DA:73,2
DA:74,2
DA:75,2
DA:76,2
DA:81,1
DA:87,2
DA:88,1
DA:89,1
DA:90,1
DA:91,1
DA:92,1
DA:93,1
DA:99,2
DA:100,2
DA:101,1
DA:103,1
DA:104,1
DA:105,1
DA:106,1
DA:107,1
DA:108,1
DA:109,1
DA:110,1
DA:111,1
DA:112,1
DA:114,1
DA:122,2
DA:123,2
DA:124,2
DA:125,2
DA:126,2
DA:127,2
DA:128,2
DA:129,2
DA:130,2
DA:137,1
LF:79
LH:79
BRDA:52,0,0,1
BRDA:52,0,1,3
BRDA:56,1,0,1
BRDA:56,1,1,2
BRDA:66,2,0,2
BRDA:66,2,1,1
BRDA:68,3,0,0
BRDA:68,3,1,2
BRDA:73,4,0,0
BRDA:73,4,1,2
BRDA:75,5,0,0
BRDA:75,5,1,2
BRDA:100,6,0,1
BRDA:100,6,1,1
BRDA:126,7,0,0
BRDA:126,7,1,2
BRDA:36,8,0,2
BRDA:36,8,1,10
BRF:18
BRH:14
end_of_record
TN:
SF:src\routes\auth.router.ts
FN:17,(anonymous_9)
FN:22,(anonymous_10)
FN:46,(anonymous_11)
FN:72,(anonymous_13)
FN:96,(anonymous_15)
FN:104,(anonymous_17)
FN:136,(anonymous_19)
FNF:7
FNH:7
FNDA:1,(anonymous_9)
FNDA:1,(anonymous_10)
FNDA:3,(anonymous_11)
FNDA:2,(anonymous_13)
FNDA:1,(anonymous_15)
FNDA:1,(anonymous_17)
FNDA:1,(anonymous_19)
DA:1,1
DA:2,1
DA:3,1
DA:4,1
DA:5,1
DA:6,1
DA:7,1
DA:9,1
DA:17,1
DA:18,1
DA:19,1
DA:23,1
DA:33,1
DA:42,1
DA:43,1
DA:47,3
DA:48,3
DA:49,3
DA:50,3
DA:51,1
DA:52,1
DA:54,2
DA:55,2
DA:56,2
DA:57,1
DA:58,1
DA:60,1
DA:61,1
DA:62,1
DA:63,1
DA:65,0
DA:66,0
DA:73,2
DA:74,2
DA:75,2
DA:76,2
DA:77,2
DA:79,2
DA:80,1
DA:83,1
DA:88,1
DA:91,0
DA:92,0
DA:97,1
DA:98,1
DA:99,1
DA:100,1
DA:101,1
DA:105,1
DA:106,1
DA:107,1
DA:108,1
DA:115,1
DA:116,1
DA:120,1
DA:121,1
DA:122,1
DA:136,1
DA:137,1
DA:138,1
DA:140,0
DA:146,1
LF:62
LH:57
BRDA:50,0,0,1
BRDA:50,0,1,2
BRDA:56,1,0,1
BRDA:56,1,1,1
BRDA:79,2,0,1
BRDA:79,2,1,1
BRDA:137,3,0,1
BRDA:137,3,1,0
BRF:8
BRH:7
end_of_record
TN:
SF:src\routes\skill.routes.ts
FN:10,(anonymous_1)
FN:22,(anonymous_2)
FN:23,(anonymous_3)
FN:28,(anonymous_4)
FN:29,(anonymous_5)
FN:34,(anonymous_6)
FN:35,(anonymous_7)
FN:40,(anonymous_8)
FN:41,(anonymous_9)
FN:46,(anonymous_10)
FN:48,(anonymous_11)
FN:14,(anonymous_12)
FNF:12
FNH:6
FNDA:1,(anonymous_1)
FNDA:1,(anonymous_2)
FNDA:1,(anonymous_3)
FNDA:1,(anonymous_4)
FNDA:1,(anonymous_5)
FNDA:0,(anonymous_6)
FNDA:0,(anonymous_7)
FNDA:0,(anonymous_8)
FNDA:0,(anonymous_9)
FNDA:0,(anonymous_10)
FNDA:0,(anonymous_11)
FNDA:1,(anonymous_12)
DA:1,1
DA:4,1
DA:5,1
DA:8,1
DA:11,1
DA:15,1
DA:16,1
DA:17,1
DA:18,1
DA:19,1
DA:22,1
DA:23,1
DA:24,1
DA:28,1
DA:29,1
DA:30,1
DA:34,1
DA:35,0
DA:36,0
DA:40,1
DA:41,0
DA:42,0
DA:46,1
DA:47,0
DA:48,0
DA:49,0
DA:54,1
LF:27
LH:20
BRF:0
BRH:0
end_of_record
TN:
SF:src\routes\user.routes.ts
FN:10,(anonymous_8)
FN:20,(anonymous_9)
FN:21,(anonymous_10)
FN:29,(anonymous_11)
FN:29,(anonymous_12)
FN:36,(anonymous_13)
FN:36,(anonymous_14)
FN:38,(anonymous_15)
FN:44,(anonymous_16)
FN:44,(anonymous_17)
FN:14,(anonymous_18)
FNF:11
FNH:11
FNDA:1,(anonymous_8)
FNDA:1,(anonymous_9)
FNDA:1,(anonymous_10)
FNDA:1,(anonymous_11)
FNDA:1,(anonymous_12)
FNDA:1,(anonymous_13)
FNDA:1,(anonymous_14)
FNDA:1,(anonymous_15)
FNDA:3,(anonymous_16)
FNDA:3,(anonymous_17)
FNDA:1,(anonymous_18)
DA:1,1
DA:2,1
DA:3,1
DA:5,1
DA:8,1
DA:11,1
DA:15,1
DA:16,1
DA:17,1
DA:20,1
DA:21,1
DA:22,1
DA:23,0
DA:25,1
DA:29,1
DA:30,1
DA:31,1
DA:32,1
DA:33,1
DA:36,1
DA:37,1
DA:38,1
DA:39,1
DA:44,3
DA:45,3
DA:46,3
DA:47,3
DA:48,3
DA:49,0
DA:51,3
DA:52,3
DA:53,3
DA:54,0
DA:56,3
DA:57,3
DA:59,0
DA:60,0
DA:65,1
LF:38
LH:33
BRDA:22,0,0,0
BRDA:22,0,1,1
BRDA:48,1,0,0
BRDA:48,1,1,3
BRDA:53,2,0,0
BRDA:53,2,1,3
BRF:6
BRH:3
end_of_record
