{"C:\\node-server\\server\\server.js": {"path":"C:\\node-server\\server\\server.js","statementMap":{"0":{"start":{"line":1,"column":14},"end":{"line":1,"column":33}},"1":{"start":{"line":2,"column":11},"end":{"line":2,"column":26}},"2":{"start":{"line":3,"column":17},"end":{"line":3,"column":39}},"3":{"start":{"line":4,"column":12},"end":{"line":4,"column":31}},"4":{"start":{"line":5,"column":10},"end":{"line":5,"column":19}},"5":{"start":{"line":7,"column":11},"end":{"line":7,"column":26}},"6":{"start":{"line":8,"column":13},"end":{"line":8,"column":39}},"7":{"start":{"line":10,"column":0},"end":{"line":10,"column":22}},"8":{"start":{"line":11,"column":0},"end":{"line":11,"column":41}},"9":{"start":{"line":12,"column":0},"end":{"line":12,"column":49}},"10":{"start":{"line":13,"column":0},"end":{"line":13,"column":15}},"11":{"start":{"line":14,"column":0},"end":{"line":14,"column":40}},"12":{"start":{"line":16,"column":11},"end":{"line":16,"column":30}},"13":{"start":{"line":17,"column":0},"end":{"line":19,"column":2}},"14":{"start":{"line":18,"column":4},"end":{"line":18,"column":51}},"15":{"start":{"line":21,"column":0},"end":{"line":21,"column":21}}},"fnMap":{"0":{"name":"(anonymous_0)","decl":{"start":{"line":17,"column":16},"end":{"line":17,"column":17}},"loc":{"start":{"line":17,"column":26},"end":{"line":19,"column":1}},"line":17}},"branchMap":{},"s":{"0":1,"1":1,"2":1,"3":1,"4":1,"5":1,"6":1,"7":1,"8":1,"9":1,"10":1,"11":1,"12":1,"13":1,"14":1,"15":1},"f":{"0":1},"b":{},"_coverageSchema":"1a1c01bbd47fc00a2c39e90264f33305004495a9","hash":"2356219b6911af2885145dfb5c78f86100d0c90c"}
,"C:\\node-server\\server\\config\\config.js": {"path":"C:\\node-server\\server\\config\\config.js","statementMap":{"0":{"start":{"line":1,"column":15},"end":{"line":11,"column":1}},"1":{"start":{"line":13,"column":0},"end":{"line":13,"column":24}}},"fnMap":{},"branchMap":{},"s":{"0":1,"1":1},"f":{},"b":{},"_coverageSchema":"1a1c01bbd47fc00a2c39e90264f33305004495a9","hash":"19da33d68cb039056fb02d757f60599a1148b17d"}
,"C:\\node-server\\server\\model\\schema.js": {"path":"C:\\node-server\\server\\model\\schema.js","statementMap":{"0":{"start":{"line":1,"column":14},"end":{"line":1,"column":33}},"1":{"start":{"line":2,"column":15},"end":{"line":2,"column":27}},"2":{"start":{"line":3,"column":15},"end":{"line":3,"column":42}},"3":{"start":{"line":5,"column":40},"end":{"line":5,"column":46}},"4":{"start":{"line":6,"column":16},"end":{"line":6,"column":51}},"5":{"start":{"line":7,"column":13},"end":{"line":11,"column":2}},"6":{"start":{"line":12,"column":9},"end":{"line":18,"column":2}},"7":{"start":{"line":13,"column":4},"end":{"line":17,"column":5}},"8":{"start":{"line":14,"column":8},"end":{"line":14,"column":24}},"9":{"start":{"line":16,"column":8},"end":{"line":16,"column":52}},"10":{"start":{"line":20,"column":0},"end":{"line":20,"column":52}}},"fnMap":{"0":{"name":"(anonymous_0)","decl":{"start":{"line":12,"column":31},"end":{"line":12,"column":32}},"loc":{"start":{"line":12,"column":53},"end":{"line":18,"column":1}},"line":12}},"branchMap":{"0":{"loc":{"start":{"line":13,"column":4},"end":{"line":17,"column":5}},"type":"if","locations":[{"start":{"line":13,"column":4},"end":{"line":17,"column":5}},{"start":{"line":13,"column":4},"end":{"line":17,"column":5}}],"line":13}},"s":{"0":1,"1":1,"2":1,"3":1,"4":1,"5":1,"6":1,"7":1,"8":0,"9":1,"10":1},"f":{"0":1},"b":{"0":[0,1]},"_coverageSchema":"1a1c01bbd47fc00a2c39e90264f33305004495a9","hash":"eb984cc8637d7c93bbf7bc1b7beafcd50f578f30"}
,"C:\\node-server\\server\\routers\\mapping.js": {"path":"C:\\node-server\\server\\routers\\mapping.js","statementMap":{"0":{"start":{"line":1,"column":17},"end":{"line":1,"column":35}},"1":{"start":{"line":2,"column":15},"end":{"line":2,"column":23}},"2":{"start":{"line":3,"column":13},"end":{"line":3,"column":39}},"3":{"start":{"line":6,"column":0},"end":{"line":15,"column":2}},"4":{"start":{"line":7,"column":4},"end":{"line":14,"column":6}},"5":{"start":{"line":8,"column":8},"end":{"line":13,"column":9}},"6":{"start":{"line":9,"column":12},"end":{"line":9,"column":26}},"7":{"start":{"line":11,"column":12},"end":{"line":11,"column":51}},"8":{"start":{"line":12,"column":12},"end":{"line":12,"column":27}},"9":{"start":{"line":20,"column":0},"end":{"line":34,"column":2}},"10":{"start":{"line":22,"column":4},"end":{"line":22,"column":75}},"11":{"start":{"line":23,"column":4},"end":{"line":33,"column":7}},"12":{"start":{"line":24,"column":8},"end":{"line":24,"column":37}},"13":{"start":{"line":25,"column":8},"end":{"line":27,"column":9}},"14":{"start":{"line":26,"column":12},"end":{"line":26,"column":35}},"15":{"start":{"line":28,"column":19},"end":{"line":28,"column":78}},"16":{"start":{"line":29,"column":8},"end":{"line":31,"column":10}},"17":{"start":{"line":30,"column":12},"end":{"line":30,"column":26}},"18":{"start":{"line":37,"column":0},"end":{"line":41,"column":2}},"19":{"start":{"line":38,"column":4},"end":{"line":40,"column":6}},"20":{"start":{"line":39,"column":8},"end":{"line":39,"column":29}},"21":{"start":{"line":44,"column":0},"end":{"line":55,"column":2}},"22":{"start":{"line":45,"column":16},"end":{"line":45,"column":31}},"23":{"start":{"line":46,"column":4},"end":{"line":46,"column":34}},"24":{"start":{"line":47,"column":4},"end":{"line":54,"column":6}},"25":{"start":{"line":48,"column":8},"end":{"line":53,"column":9}},"26":{"start":{"line":49,"column":12},"end":{"line":49,"column":26}},"27":{"start":{"line":51,"column":12},"end":{"line":51,"column":51}},"28":{"start":{"line":52,"column":12},"end":{"line":52,"column":27}},"29":{"start":{"line":58,"column":0},"end":{"line":68,"column":2}},"30":{"start":{"line":60,"column":4},"end":{"line":60,"column":52}},"31":{"start":{"line":61,"column":4},"end":{"line":67,"column":7}},"32":{"start":{"line":62,"column":8},"end":{"line":66,"column":9}},"33":{"start":{"line":63,"column":12},"end":{"line":63,"column":27}},"34":{"start":{"line":65,"column":12},"end":{"line":65,"column":41}},"35":{"start":{"line":70,"column":0},"end":{"line":87,"column":2}},"36":{"start":{"line":71,"column":4},"end":{"line":71,"column":70}},"37":{"start":{"line":71,"column":18},"end":{"line":71,"column":70}},"38":{"start":{"line":72,"column":18},"end":{"line":72,"column":36}},"39":{"start":{"line":73,"column":15},"end":{"line":73,"column":28}},"40":{"start":{"line":74,"column":19},"end":{"line":74,"column":36}},"41":{"start":{"line":75,"column":4},"end":{"line":75,"column":26}},"42":{"start":{"line":76,"column":4},"end":{"line":76,"column":75}},"43":{"start":{"line":77,"column":17},"end":{"line":77,"column":34}},"44":{"start":{"line":78,"column":18},"end":{"line":78,"column":60}},"45":{"start":{"line":79,"column":4},"end":{"line":86,"column":6}},"46":{"start":{"line":80,"column":8},"end":{"line":85,"column":9}},"47":{"start":{"line":81,"column":12},"end":{"line":81,"column":54}},"48":{"start":{"line":83,"column":12},"end":{"line":83,"column":45}},"49":{"start":{"line":84,"column":12},"end":{"line":84,"column":51}},"50":{"start":{"line":88,"column":0},"end":{"line":88,"column":23}}},"fnMap":{"0":{"name":"(anonymous_0)","decl":{"start":{"line":6,"column":25},"end":{"line":6,"column":26}},"loc":{"start":{"line":6,"column":42},"end":{"line":15,"column":1}},"line":6},"1":{"name":"(anonymous_1)","decl":{"start":{"line":7,"column":17},"end":{"line":7,"column":18}},"loc":{"start":{"line":7,"column":35},"end":{"line":14,"column":5}},"line":7},"2":{"name":"(anonymous_2)","decl":{"start":{"line":20,"column":24},"end":{"line":20,"column":25}},"loc":{"start":{"line":20,"column":40},"end":{"line":34,"column":1}},"line":20},"3":{"name":"(anonymous_3)","decl":{"start":{"line":23,"column":27},"end":{"line":23,"column":28}},"loc":{"start":{"line":23,"column":42},"end":{"line":33,"column":5}},"line":23},"4":{"name":"(anonymous_4)","decl":{"start":{"line":29,"column":29},"end":{"line":29,"column":30}},"loc":{"start":{"line":29,"column":47},"end":{"line":31,"column":9}},"line":29},"5":{"name":"(anonymous_5)","decl":{"start":{"line":37,"column":29},"end":{"line":37,"column":30}},"loc":{"start":{"line":37,"column":48},"end":{"line":41,"column":1}},"line":37},"6":{"name":"(anonymous_6)","decl":{"start":{"line":38,"column":28},"end":{"line":38,"column":29}},"loc":{"start":{"line":38,"column":43},"end":{"line":40,"column":5}},"line":38},"7":{"name":"(anonymous_7)","decl":{"start":{"line":44,"column":29},"end":{"line":44,"column":30}},"loc":{"start":{"line":44,"column":46},"end":{"line":55,"column":1}},"line":44},"8":{"name":"(anonymous_8)","decl":{"start":{"line":47,"column":28},"end":{"line":47,"column":29}},"loc":{"start":{"line":47,"column":46},"end":{"line":54,"column":5}},"line":47},"9":{"name":"(anonymous_9)","decl":{"start":{"line":58,"column":35},"end":{"line":58,"column":36}},"loc":{"start":{"line":58,"column":55},"end":{"line":68,"column":1}},"line":58},"10":{"name":"(anonymous_10)","decl":{"start":{"line":61,"column":44},"end":{"line":61,"column":45}},"loc":{"start":{"line":61,"column":57},"end":{"line":67,"column":5}},"line":61},"11":{"name":"(anonymous_11)","decl":{"start":{"line":70,"column":35},"end":{"line":70,"column":36}},"loc":{"start":{"line":70,"column":54},"end":{"line":87,"column":1}},"line":70},"12":{"name":"(anonymous_12)","decl":{"start":{"line":79,"column":34},"end":{"line":79,"column":35}},"loc":{"start":{"line":79,"column":54},"end":{"line":86,"column":5}},"line":79}},"branchMap":{"0":{"loc":{"start":{"line":8,"column":8},"end":{"line":13,"column":9}},"type":"if","locations":[{"start":{"line":8,"column":8},"end":{"line":13,"column":9}},{"start":{"line":8,"column":8},"end":{"line":13,"column":9}}],"line":8},"1":{"loc":{"start":{"line":25,"column":8},"end":{"line":27,"column":9}},"type":"if","locations":[{"start":{"line":25,"column":8},"end":{"line":27,"column":9}},{"start":{"line":25,"column":8},"end":{"line":27,"column":9}}],"line":25},"2":{"loc":{"start":{"line":48,"column":8},"end":{"line":53,"column":9}},"type":"if","locations":[{"start":{"line":48,"column":8},"end":{"line":53,"column":9}},{"start":{"line":48,"column":8},"end":{"line":53,"column":9}}],"line":48},"3":{"loc":{"start":{"line":62,"column":8},"end":{"line":66,"column":9}},"type":"if","locations":[{"start":{"line":62,"column":8},"end":{"line":66,"column":9}},{"start":{"line":62,"column":8},"end":{"line":66,"column":9}}],"line":62},"4":{"loc":{"start":{"line":71,"column":4},"end":{"line":71,"column":70}},"type":"if","locations":[{"start":{"line":71,"column":4},"end":{"line":71,"column":70}},{"start":{"line":71,"column":4},"end":{"line":71,"column":70}}],"line":71},"5":{"loc":{"start":{"line":80,"column":8},"end":{"line":85,"column":9}},"type":"if","locations":[{"start":{"line":80,"column":8},"end":{"line":85,"column":9}},{"start":{"line":80,"column":8},"end":{"line":85,"column":9}}],"line":80}},"s":{"0":1,"1":1,"2":1,"3":1,"4":1,"5":1,"6":0,"7":1,"8":1,"9":1,"10":1,"11":1,"12":1,"13":1,"14":0,"15":1,"16":1,"17":1,"18":1,"19":1,"20":1,"21":1,"22":1,"23":1,"24":1,"25":1,"26":0,"27":1,"28":1,"29":1,"30":1,"31":1,"32":1,"33":0,"34":1,"35":1,"36":1,"37":0,"38":1,"39":1,"40":1,"41":1,"42":1,"43":1,"44":1,"45":1,"46":1,"47":0,"48":1,"49":1,"50":1},"f":{"0":1,"1":1,"2":1,"3":1,"4":1,"5":1,"6":1,"7":1,"8":1,"9":1,"10":1,"11":1,"12":1},"b":{"0":[0,1],"1":[0,1],"2":[0,1],"3":[0,1],"4":[0,1],"5":[0,1]},"_coverageSchema":"1a1c01bbd47fc00a2c39e90264f33305004495a9","hash":"6261dd2a47701bab295fc6f809db658b884befed"}
}
